Using pre-set license
Built from '2021.3/staging' branch; Version is '2021.3.14f1 (eee1884e7226) revision 15655304'; Using compiler version '192829333'; Build Type 'Release'
OS: 'Windows 11  (10.0.22000) 64bit Core' Language: 'ro' Physical Memory: 3736 MB
BatchMode: 1, IsHumanControllingUs: 0, StartBugReporterOnCrash: 0, Is64bit: 1, IsPro: 1

COMMAND LINE ARGUMENTS:
C:\Program Files\Unity\Hub\Editor\2021.3.14f1\Editor\Unity.exe
-adb2
-batchMode
-noUpm
-name
AssetImportWorker0
-projectPath
D:/VStudio 2k22/UNIHACK31
-logFile
Logs/AssetImportWorker0.log
-srvPort
55179
Successfully changed project path to: D:/VStudio 2k22/UNIHACK31
D:/VStudio 2k22/UNIHACK31
[UnityMemory] Configuration Parameters - Can be set up in boot.config
    "memorysetup-bucket-allocator-granularity=16"
    "memorysetup-bucket-allocator-bucket-count=8"
    "memorysetup-bucket-allocator-block-size=33554432"
    "memorysetup-bucket-allocator-block-count=8"
    "memorysetup-main-allocator-block-size=16777216"
    "memorysetup-thread-allocator-block-size=16777216"
    "memorysetup-gfx-main-allocator-block-size=16777216"
    "memorysetup-gfx-thread-allocator-block-size=16777216"
    "memorysetup-cache-allocator-block-size=4194304"
    "memorysetup-typetree-allocator-block-size=2097152"
    "memorysetup-profiler-bucket-allocator-granularity=16"
    "memorysetup-profiler-bucket-allocator-bucket-count=8"
    "memorysetup-profiler-bucket-allocator-block-size=33554432"
    "memorysetup-profiler-bucket-allocator-block-count=8"
    "memorysetup-profiler-allocator-block-size=16777216"
    "memorysetup-profiler-editor-allocator-block-size=1048576"
    "memorysetup-temp-allocator-size-main=16777216"
    "memorysetup-job-temp-allocator-block-size=2097152"
    "memorysetup-job-temp-allocator-block-size-background=1048576"
    "memorysetup-job-temp-allocator-reduction-small-platforms=262144"
    "memorysetup-temp-allocator-size-background-worker=32768"
    "memorysetup-temp-allocator-size-job-worker=262144"
    "memorysetup-temp-allocator-size-preload-manager=33554432"
    "memorysetup-temp-allocator-size-nav-mesh-worker=65536"
    "memorysetup-temp-allocator-size-audio-worker=65536"
    "memorysetup-temp-allocator-size-cloud-worker=32768"
    "memorysetup-temp-allocator-size-gi-baking-worker=262144"
    "memorysetup-temp-allocator-size-gfx=262144"
Refreshing native plugins compatible for Editor in 298.47 ms, found 3 plugins.
Preloading 0 native plugins for Editor in 0.00 ms.
Initialize engine version: 2021.3.14f1 (eee1884e7226)
[Subsystems] Discovering subsystems at path C:/Program Files/Unity/Hub/Editor/2021.3.14f1/Editor/Data/Resources/UnitySubsystems
[Subsystems] Discovering subsystems at path D:/VStudio 2k22/UNIHACK31/Assets
GfxDevice: creating device client; threaded=0; jobified=0
Direct3D:
    Version:  Direct3D 11.0 [level 11.1]
    Renderer: Intel(R) UHD Graphics 600 (ID=0x3185)
    Vendor:   Intel
    VRAM:     1868 MB
    Driver:   31.0.101.1999
Initialize mono
Mono path[0] = 'C:/Program Files/Unity/Hub/Editor/2021.3.14f1/Editor/Data/Managed'
Mono path[1] = 'C:/Program Files/Unity/Hub/Editor/2021.3.14f1/Editor/Data/MonoBleedingEdge/lib/mono/unityjit-win32'
Mono config path = 'C:/Program Files/Unity/Hub/Editor/2021.3.14f1/Editor/Data/MonoBleedingEdge/etc'
Using monoOptions --debugger-agent=transport=dt_socket,embedding=1,server=y,suspend=n,address=127.0.0.1:56640
Begin MonoManager ReloadAssembly
Registering precompiled unity dll's ...
Register platform support module: C:/Program Files/Unity/Hub/Editor/2021.3.14f1/Editor/Data/PlaybackEngines/AndroidPlayer/UnityEditor.Android.Extensions.dll
Register platform support module: C:/Program Files/Unity/Hub/Editor/2021.3.14f1/Editor/Data/PlaybackEngines/WindowsStandaloneSupport/UnityEditor.WindowsStandalone.Extensions.dll
Registered in 0.012944 seconds.
Native extension for WindowsStandalone target not found
Native extension for Android target not found
Refreshing native plugins compatible for Editor in 289.95 ms, found 3 plugins.
Preloading 0 native plugins for Editor in 0.00 ms.
Mono: successfully reloaded assembly
- Completed reload, in  1.671 seconds
Domain Reload Profiling:
	ReloadAssembly (1672ms)
		BeginReloadAssembly (174ms)
			ExecutionOrderSort (0ms)
			DisableScriptedObjects (0ms)
			BackupInstance (0ms)
			ReleaseScriptingObjects (0ms)
			CreateAndSetChildDomain (2ms)
		EndReloadAssembly (1235ms)
			LoadAssemblies (168ms)
			RebuildTransferFunctionScriptingTraits (0ms)
			SetupTypeCache (268ms)
			ReleaseScriptCaches (0ms)
			RebuildScriptCaches (70ms)
			SetupLoadedEditorAssemblies (774ms)
				LogAssemblyErrors (0ms)
				InitializePlatformSupportModulesInManaged (136ms)
				SetLoadedEditorAssemblies (0ms)
				RefreshPlugins (290ms)
				BeforeProcessingInitializeOnLoad (2ms)
				ProcessInitializeOnLoadAttributes (228ms)
				ProcessInitializeOnLoadMethodAttributes (116ms)
				AfterProcessingInitializeOnLoad (0ms)
				EditorAssembliesLoaded (0ms)
			ExecutionOrderSort2 (0ms)
			AwakeInstancesAfterBackupRestoration (0ms)
Platform modules already initialized, skipping
Registering precompiled user dll's ...
Registered in 0.014623 seconds.
Begin MonoManager ReloadAssembly
Symbol file LoadedFromMemory doesn't match image D:\VStudio 2k22\UNIHACK31\Library\PackageCache\com.unity.visualscripting@1.7.8\Editor\VisualScripting.Core\Dependencies\YamlDotNet\Unity.VisualScripting.YamlDotNet.dll
Symbol file LoadedFromMemory doesn't match image D:\VStudio 2k22\UNIHACK31\Library\PackageCache\com.unity.visualscripting@1.7.8\Editor\VisualScripting.Core\Dependencies\DotNetZip\Unity.VisualScripting.IonicZip.dll
Native extension for WindowsStandalone target not found
Native extension for Android target not found
Refreshing native plugins compatible for Editor in 1.80 ms, found 3 plugins.
Preloading 0 native plugins for Editor in 0.00 ms.
Mono: successfully reloaded assembly
Package Manager log level set to [2]
- Completed reload, in  3.420 seconds
Domain Reload Profiling:
	ReloadAssembly (3424ms)
		BeginReloadAssembly (449ms)
			ExecutionOrderSort (0ms)
			DisableScriptedObjects (23ms)
			BackupInstance (0ms)
			ReleaseScriptingObjects (0ms)
			CreateAndSetChildDomain (161ms)
		EndReloadAssembly (2671ms)
			LoadAssemblies (239ms)
			RebuildTransferFunctionScriptingTraits (0ms)
			SetupTypeCache (712ms)
			ReleaseScriptCaches (2ms)
			RebuildScriptCaches (149ms)
			SetupLoadedEditorAssemblies (1405ms)
				LogAssemblyErrors (0ms)
				InitializePlatformSupportModulesInManaged (39ms)
				SetLoadedEditorAssemblies (1ms)
				RefreshPlugins (2ms)
				BeforeProcessingInitializeOnLoad (319ms)
				ProcessInitializeOnLoadAttributes (962ms)
				ProcessInitializeOnLoadMethodAttributes (63ms)
				AfterProcessingInitializeOnLoad (16ms)
				EditorAssembliesLoaded (2ms)
			ExecutionOrderSort2 (0ms)
			AwakeInstancesAfterBackupRestoration (13ms)
Platform modules already initialized, skipping
========================================================================
Worker process is ready to serve import requests
Launched and connected shader compiler UnityShaderCompiler.exe after 0.11 seconds
Refreshing native plugins compatible for Editor in 2.70 ms, found 3 plugins.
Preloading 0 native plugins for Editor in 0.00 ms.
Unloading 3495 Unused Serialized files (Serialized files now loaded: 0)
Unloading 40 unused Assets / (88.1 KB). Loaded Objects now: 3940.
Memory consumption went from 120.7 MB to 120.7 MB.
Total: 14.813900 ms (FindLiveObjects: 1.783700 ms CreateObjectMapping: 0.796000 ms MarkObjects: 11.057400 ms  DeleteObjects: 1.173600 ms)

AssetImportParameters requested are different than current active one (requested -> active):
  custom:video-decoder-ogg-theora: a1e56fd34408186e4bbccfd4996cb3dc -> 
  custom:container-muxer-webm: aa71ff27fc2769a1b78a27578f13a17b -> 
  custom:container-demuxer-webm: 4f35f7cbe854078d1ac9338744f61a02 -> 
  custom:video-encoder-webm-vp8: eb34c28f22e8b96e1ab97ce403110664 -> 
  custom:audio-encoder-webm-vorbis: bf7c407c2cedff20999df2af8eb42d56 -> 
  custom:framework-win-MediaFoundation: 216162199b28c13a410421893ffa2e32 -> 
  custom:container-demuxer-ogg: 62fdf1f143b41e24485cea50d1cbac27 -> 
  custom:video-decoder-webm-vp8: 9c59270c3fd7afecdb556c50c9e8de78 -> 
  custom:audio-decoder-ogg-vorbis: bf7c407c2cedff20999df2af8eb42d56 -> 
========================================================================
Received Import Request.
  Time since last request: 1176.566106 seconds.
  path: Assets/Scenes/LearningMenu.unity
  artifactKey: Guid(2e1102212c6354947aec62b0a625a0f2) Importer(815301076,1909f56bfc062723c751e8b465ee728b)
Start importing Assets/Scenes/LearningMenu.unity using Guid(2e1102212c6354947aec62b0a625a0f2) Importer(815301076,1909f56bfc062723c751e8b465ee728b)  -> (artifact id: '4417fd451b9ac24c15d6ae706d799830') in 0.028567 seconds 
========================================================================
Received Import Request.
  Time since last request: 330.836836 seconds.
  path: Assets/2D Atlas Speechbubbles Alphabet Numbers/Assets/Sprites/Atlas_Example_Scene0000.png
  artifactKey: Guid(d85a2912631bb7a4f81e11536ee2c10b) Importer(815301076,1909f56bfc062723c751e8b465ee728b)
Start importing Assets/2D Atlas Speechbubbles Alphabet Numbers/Assets/Sprites/Atlas_Example_Scene0000.png using Guid(d85a2912631bb7a4f81e11536ee2c10b) Importer(815301076,1909f56bfc062723c751e8b465ee728b)  -> (artifact id: 'f762dfee6b0ccab1d04e91c5fba0e44e') in 0.568547 seconds 
========================================================================
Received Import Request.
  Time since last request: 0.000083 seconds.
  path: Assets/2D Atlas Speechbubbles Alphabet Numbers/Assets/Sprites/Speechbubble_0003.png
  artifactKey: Guid(46ca8fc653c1b9d42ae3eb416ce6d52c) Importer(815301076,1909f56bfc062723c751e8b465ee728b)
Start importing Assets/2D Atlas Speechbubbles Alphabet Numbers/Assets/Sprites/Speechbubble_0003.png using Guid(46ca8fc653c1b9d42ae3eb416ce6d52c) Importer(815301076,1909f56bfc062723c751e8b465ee728b)  -> (artifact id: 'fdf5d4438b7cae0ad38ce57ca94024ce') in 0.047115 seconds 
========================================================================
Received Import Request.
  Time since last request: 0.000060 seconds.
  path: Assets/2D Atlas Speechbubbles Alphabet Numbers/Assets/Sprites/Speechbubble_0006.png
  artifactKey: Guid(7c099b7ea0db77f4db04f4cb0e3c14ae) Importer(815301076,1909f56bfc062723c751e8b465ee728b)
Start importing Assets/2D Atlas Speechbubbles Alphabet Numbers/Assets/Sprites/Speechbubble_0006.png using Guid(7c099b7ea0db77f4db04f4cb0e3c14ae) Importer(815301076,1909f56bfc062723c751e8b465ee728b)  -> (artifact id: 'b89d47c9f8c8ebf065a599a382215d7d') in 0.071972 seconds 
========================================================================
Received Import Request.
  Time since last request: 0.000480 seconds.
  path: Assets/2D Atlas Speechbubbles Alphabet Numbers/Assets/Sprites/Speechbubble_0004.png
  artifactKey: Guid(30f905e3a17e5bf4ab36919fe2c9637f) Importer(815301076,1909f56bfc062723c751e8b465ee728b)
Start importing Assets/2D Atlas Speechbubbles Alphabet Numbers/Assets/Sprites/Speechbubble_0004.png using Guid(30f905e3a17e5bf4ab36919fe2c9637f) Importer(815301076,1909f56bfc062723c751e8b465ee728b)  -> (artifact id: '0a292908059a0cd9d659ed3561d6092a') in 0.047599 seconds 
========================================================================
Received Import Request.
  Time since last request: 0.000332 seconds.
  path: Assets/2D Atlas Speechbubbles Alphabet Numbers/Assets/Sprites/Speechbox_Black_0001.png
  artifactKey: Guid(185be267803dd33479150ea2b357c72c) Importer(815301076,1909f56bfc062723c751e8b465ee728b)
Start importing Assets/2D Atlas Speechbubbles Alphabet Numbers/Assets/Sprites/Speechbox_Black_0001.png using Guid(185be267803dd33479150ea2b357c72c) Importer(815301076,1909f56bfc062723c751e8b465ee728b)  -> (artifact id: '113d15e7939a4a25c48a855c10384b89') in 0.068099 seconds 
========================================================================
Received Import Request.
  Time since last request: 0.002533 seconds.
  path: Assets/2D Atlas Speechbubbles Alphabet Numbers/Assets/Sprites/Speechbubble_0001.png
  artifactKey: Guid(1ed69aca0661aca4e8d321061ff19f0b) Importer(815301076,1909f56bfc062723c751e8b465ee728b)
Start importing Assets/2D Atlas Speechbubbles Alphabet Numbers/Assets/Sprites/Speechbubble_0001.png using Guid(1ed69aca0661aca4e8d321061ff19f0b) Importer(815301076,1909f56bfc062723c751e8b465ee728b)  -> (artifact id: 'eaf20a73ce2988e32e7b6cd797e90093') in 0.104358 seconds 
========================================================================
Received Import Request.
  Time since last request: 0.000112 seconds.
  path: Assets/2D Atlas Speechbubbles Alphabet Numbers/Assets/Sprites/Speechbubble_0005.png
  artifactKey: Guid(1e318f9afca2c1f4daf5bd85c9998fe7) Importer(815301076,1909f56bfc062723c751e8b465ee728b)
Start importing Assets/2D Atlas Speechbubbles Alphabet Numbers/Assets/Sprites/Speechbubble_0005.png using Guid(1e318f9afca2c1f4daf5bd85c9998fe7) Importer(815301076,1909f56bfc062723c751e8b465ee728b)  -> (artifact id: '063cc10a8663cbffe5681900c3f02b5d') in 0.110014 seconds 
========================================================================
Received Import Request.
  Time since last request: 0.003372 seconds.
  path: Assets/2D Atlas Speechbubbles Alphabet Numbers/Assets/Sprites/Speechbubble_0008.png
  artifactKey: Guid(1f7ebd500859722468aff6c562c44551) Importer(815301076,1909f56bfc062723c751e8b465ee728b)
Start importing Assets/2D Atlas Speechbubbles Alphabet Numbers/Assets/Sprites/Speechbubble_0008.png using Guid(1f7ebd500859722468aff6c562c44551) Importer(815301076,1909f56bfc062723c751e8b465ee728b)  -> (artifact id: '5eeabb11c69669c7013f23e3773ea310') in 0.082497 seconds 
========================================================================
Received Import Request.
  Time since last request: 0.000216 seconds.
  path: Assets/2D Atlas Speechbubbles Alphabet Numbers/Assets/Sprites/Speechbox_Universalcolor_0001.png
  artifactKey: Guid(9ad8511f46f61f24786376b4b23f222d) Importer(815301076,1909f56bfc062723c751e8b465ee728b)
Start importing Assets/2D Atlas Speechbubbles Alphabet Numbers/Assets/Sprites/Speechbox_Universalcolor_0001.png using Guid(9ad8511f46f61f24786376b4b23f222d) Importer(815301076,1909f56bfc062723c751e8b465ee728b)  -> (artifact id: '25cab12ce2ba3677de91c3a14e755786') in 0.079956 seconds 
========================================================================
Received Import Request.
  Time since last request: 0.000042 seconds.
  path: Assets/2D Atlas Speechbubbles Alphabet Numbers/Assets/Sprites/Speechbubble_0002.png
  artifactKey: Guid(0064750e697b6914f910de30052ccc13) Importer(815301076,1909f56bfc062723c751e8b465ee728b)
Start importing Assets/2D Atlas Speechbubbles Alphabet Numbers/Assets/Sprites/Speechbubble_0002.png using Guid(0064750e697b6914f910de30052ccc13) Importer(815301076,1909f56bfc062723c751e8b465ee728b)  -> (artifact id: 'e3dbb7e428a4ad9c2e1b7bcbef1e54c8') in 0.071989 seconds 
========================================================================
Received Import Request.
  Time since last request: 0.000585 seconds.
  path: Assets/2D Atlas Speechbubbles Alphabet Numbers/Assets/Sprites/Speechbubble_0007.png
  artifactKey: Guid(f1c746f567204bd41874d9941946e1f5) Importer(815301076,1909f56bfc062723c751e8b465ee728b)
Start importing Assets/2D Atlas Speechbubbles Alphabet Numbers/Assets/Sprites/Speechbubble_0007.png using Guid(f1c746f567204bd41874d9941946e1f5) Importer(815301076,1909f56bfc062723c751e8b465ee728b)  -> (artifact id: 'afc9076c7bd48b55ac832a0fd8a9b2ba') in 0.121978 seconds 
========================================================================
Received Import Request.
  Time since last request: 55.905298 seconds.
  path: Assets/2D Atlas Speechbubbles Alphabet Numbers/Assets/Sprites/1492608049-15-youtube-video-player-play-logo-media_83366.png
  artifactKey: Guid(cc3ca2df3de3d7542904db7564a812e5) Importer(815301076,1909f56bfc062723c751e8b465ee728b)
Start importing Assets/2D Atlas Speechbubbles Alphabet Numbers/Assets/Sprites/1492608049-15-youtube-video-player-play-logo-media_83366.png using Guid(cc3ca2df3de3d7542904db7564a812e5) Importer(815301076,1909f56bfc062723c751e8b465ee728b)  -> (artifact id: '7cbb4de1ac156abcb851f27d16b75c5f') in 0.209630 seconds 
========================================================================
Received Prepare
Registering precompiled user dll's ...
Registered in 0.009637 seconds.
Begin MonoManager ReloadAssembly
Symbol file LoadedFromMemory doesn't match image D:\VStudio 2k22\UNIHACK31\Library\PackageCache\com.unity.visualscripting@1.7.8\Editor\VisualScripting.Core\Dependencies\YamlDotNet\Unity.VisualScripting.YamlDotNet.dll
Symbol file LoadedFromMemory doesn't match image D:\VStudio 2k22\UNIHACK31\Library\PackageCache\com.unity.visualscripting@1.7.8\Editor\VisualScripting.Core\Dependencies\DotNetZip\Unity.VisualScripting.IonicZip.dll
Native extension for WindowsStandalone target not found
Native extension for Android target not found
Refreshing native plugins compatible for Editor in 2.24 ms, found 3 plugins.
Preloading 0 native plugins for Editor in 0.00 ms.
Mono: successfully reloaded assembly
- Completed reload, in  6.557 seconds
Domain Reload Profiling:
	ReloadAssembly (6560ms)
		BeginReloadAssembly (1517ms)
			ExecutionOrderSort (0ms)
			DisableScriptedObjects (78ms)
			BackupInstance (0ms)
			ReleaseScriptingObjects (0ms)
			CreateAndSetChildDomain (789ms)
		EndReloadAssembly (3943ms)
			LoadAssemblies (520ms)
			RebuildTransferFunctionScriptingTraits (0ms)
			SetupTypeCache (1127ms)
			ReleaseScriptCaches (3ms)
			RebuildScriptCaches (146ms)
			SetupLoadedEditorAssemblies (2165ms)
				LogAssemblyErrors (0ms)
				InitializePlatformSupportModulesInManaged (576ms)
				SetLoadedEditorAssemblies (3ms)
				RefreshPlugins (2ms)
				BeforeProcessingInitializeOnLoad (257ms)
				ProcessInitializeOnLoadAttributes (1219ms)
				ProcessInitializeOnLoadMethodAttributes (89ms)
				AfterProcessingInitializeOnLoad (19ms)
				EditorAssembliesLoaded (1ms)
			ExecutionOrderSort2 (0ms)
			AwakeInstancesAfterBackupRestoration (19ms)
Platform modules already initialized, skipping
Refreshing native plugins compatible for Editor in 72.10 ms, found 3 plugins.
Preloading 0 native plugins for Editor in 0.00 ms.
Unloading 3478 Unused Serialized files (Serialized files now loaded: 0)
Unloading 33 unused Assets / (54.7 KB). Loaded Objects now: 3960.
Memory consumption went from 123.7 MB to 123.6 MB.
Total: 18.322100 ms (FindLiveObjects: 0.906500 ms CreateObjectMapping: 1.150100 ms MarkObjects: 14.593100 ms  DeleteObjects: 1.666200 ms)

AssetImportParameters requested are different than current active one (requested -> active):
  custom:video-decoder-ogg-theora: a1e56fd34408186e4bbccfd4996cb3dc -> 
  custom:container-muxer-webm: aa71ff27fc2769a1b78a27578f13a17b -> 
  custom:container-demuxer-webm: 4f35f7cbe854078d1ac9338744f61a02 -> 
  custom:video-encoder-webm-vp8: eb34c28f22e8b96e1ab97ce403110664 -> 
  custom:audio-encoder-webm-vorbis: bf7c407c2cedff20999df2af8eb42d56 -> 
  custom:framework-win-MediaFoundation: 216162199b28c13a410421893ffa2e32 -> 
  custom:container-demuxer-ogg: 62fdf1f143b41e24485cea50d1cbac27 -> 
  custom:video-decoder-webm-vp8: 9c59270c3fd7afecdb556c50c9e8de78 -> 
  custom:audio-decoder-ogg-vorbis: bf7c407c2cedff20999df2af8eb42d56 -> 
========================================================================
Received Prepare
Registering precompiled user dll's ...
Registered in 0.023357 seconds.
Begin MonoManager ReloadAssembly
Symbol file LoadedFromMemory doesn't match image D:\VStudio 2k22\UNIHACK31\Library\PackageCache\com.unity.visualscripting@1.7.8\Editor\VisualScripting.Core\Dependencies\YamlDotNet\Unity.VisualScripting.YamlDotNet.dll
Symbol file LoadedFromMemory doesn't match image D:\VStudio 2k22\UNIHACK31\Library\PackageCache\com.unity.visualscripting@1.7.8\Editor\VisualScripting.Core\Dependencies\DotNetZip\Unity.VisualScripting.IonicZip.dll
Native extension for WindowsStandalone target not found
Native extension for Android target not found
Refreshing native plugins compatible for Editor in 1.96 ms, found 3 plugins.
Preloading 0 native plugins for Editor in 0.00 ms.
Mono: successfully reloaded assembly
- Completed reload, in  6.367 seconds
Domain Reload Profiling:
	ReloadAssembly (6375ms)
		BeginReloadAssembly (2589ms)
			ExecutionOrderSort (0ms)
			DisableScriptedObjects (139ms)
			BackupInstance (0ms)
			ReleaseScriptingObjects (0ms)
			CreateAndSetChildDomain (1123ms)
		EndReloadAssembly (3389ms)
			LoadAssemblies (616ms)
			RebuildTransferFunctionScriptingTraits (0ms)
			SetupTypeCache (1509ms)
			ReleaseScriptCaches (8ms)
			RebuildScriptCaches (261ms)
			SetupLoadedEditorAssemblies (951ms)
				LogAssemblyErrors (0ms)
				InitializePlatformSupportModulesInManaged (65ms)
				SetLoadedEditorAssemblies (2ms)
				RefreshPlugins (2ms)
				BeforeProcessingInitializeOnLoad (184ms)
				ProcessInitializeOnLoadAttributes (621ms)
				ProcessInitializeOnLoadMethodAttributes (61ms)
				AfterProcessingInitializeOnLoad (15ms)
				EditorAssembliesLoaded (1ms)
			ExecutionOrderSort2 (0ms)
			AwakeInstancesAfterBackupRestoration (16ms)
Platform modules already initialized, skipping
Refreshing native plugins compatible for Editor in 10.23 ms, found 3 plugins.
Preloading 0 native plugins for Editor in 0.00 ms.
Unloading 3478 Unused Serialized files (Serialized files now loaded: 0)
Unloading 33 unused Assets / (54.7 KB). Loaded Objects now: 3963.
Memory consumption went from 123.7 MB to 123.6 MB.
Total: 26.440200 ms (FindLiveObjects: 2.887200 ms CreateObjectMapping: 1.283800 ms MarkObjects: 21.197200 ms  DeleteObjects: 1.067200 ms)

AssetImportParameters requested are different than current active one (requested -> active):
  custom:video-decoder-ogg-theora: a1e56fd34408186e4bbccfd4996cb3dc -> 
  custom:container-muxer-webm: aa71ff27fc2769a1b78a27578f13a17b -> 
  custom:container-demuxer-webm: 4f35f7cbe854078d1ac9338744f61a02 -> 
  custom:video-encoder-webm-vp8: eb34c28f22e8b96e1ab97ce403110664 -> 
  custom:audio-encoder-webm-vorbis: bf7c407c2cedff20999df2af8eb42d56 -> 
  custom:framework-win-MediaFoundation: 216162199b28c13a410421893ffa2e32 -> 
  custom:container-demuxer-ogg: 62fdf1f143b41e24485cea50d1cbac27 -> 
  custom:video-decoder-webm-vp8: 9c59270c3fd7afecdb556c50c9e8de78 -> 
  custom:audio-decoder-ogg-vorbis: bf7c407c2cedff20999df2af8eb42d56 -> 
========================================================================
Received Prepare
Registering precompiled user dll's ...
Registered in 0.012432 seconds.
Begin MonoManager ReloadAssembly
Symbol file LoadedFromMemory doesn't match image D:\VStudio 2k22\UNIHACK31\Library\PackageCache\com.unity.visualscripting@1.7.8\Editor\VisualScripting.Core\Dependencies\YamlDotNet\Unity.VisualScripting.YamlDotNet.dll
Symbol file LoadedFromMemory doesn't match image D:\VStudio 2k22\UNIHACK31\Library\PackageCache\com.unity.visualscripting@1.7.8\Editor\VisualScripting.Core\Dependencies\DotNetZip\Unity.VisualScripting.IonicZip.dll
Native extension for WindowsStandalone target not found
Native extension for Android target not found
Refreshing native plugins compatible for Editor in 2.32 ms, found 3 plugins.
Preloading 0 native plugins for Editor in 0.00 ms.
Mono: successfully reloaded assembly
- Completed reload, in  9.736 seconds
Domain Reload Profiling:
	ReloadAssembly (9750ms)
		BeginReloadAssembly (3268ms)
			ExecutionOrderSort (4ms)
			DisableScriptedObjects (319ms)
			BackupInstance (0ms)
			ReleaseScriptingObjects (1ms)
			CreateAndSetChildDomain (2063ms)
		EndReloadAssembly (4530ms)
			LoadAssemblies (702ms)
			RebuildTransferFunctionScriptingTraits (0ms)
			SetupTypeCache (1941ms)
			ReleaseScriptCaches (4ms)
			RebuildScriptCaches (421ms)
			SetupLoadedEditorAssemblies (974ms)
				LogAssemblyErrors (0ms)
				InitializePlatformSupportModulesInManaged (64ms)
				SetLoadedEditorAssemblies (2ms)
				RefreshPlugins (2ms)
				BeforeProcessingInitializeOnLoad (212ms)
				ProcessInitializeOnLoadAttributes (604ms)
				ProcessInitializeOnLoadMethodAttributes (69ms)
				AfterProcessingInitializeOnLoad (19ms)
				EditorAssembliesLoaded (1ms)
			ExecutionOrderSort2 (0ms)
			AwakeInstancesAfterBackupRestoration (18ms)
Platform modules already initialized, skipping
Refreshing native plugins compatible for Editor in 10.18 ms, found 3 plugins.
Preloading 0 native plugins for Editor in 0.00 ms.
Unloading 3478 Unused Serialized files (Serialized files now loaded: 0)
Unloading 33 unused Assets / (54.7 KB). Loaded Objects now: 3966.
Memory consumption went from 123.7 MB to 123.6 MB.
Total: 15.526800 ms (FindLiveObjects: 1.444800 ms CreateObjectMapping: 0.456800 ms MarkObjects: 13.263500 ms  DeleteObjects: 0.356000 ms)

AssetImportParameters requested are different than current active one (requested -> active):
  custom:video-decoder-ogg-theora: a1e56fd34408186e4bbccfd4996cb3dc -> 
  custom:container-muxer-webm: aa71ff27fc2769a1b78a27578f13a17b -> 
  custom:container-demuxer-webm: 4f35f7cbe854078d1ac9338744f61a02 -> 
  custom:video-encoder-webm-vp8: eb34c28f22e8b96e1ab97ce403110664 -> 
  custom:audio-encoder-webm-vorbis: bf7c407c2cedff20999df2af8eb42d56 -> 
  custom:framework-win-MediaFoundation: 216162199b28c13a410421893ffa2e32 -> 
  custom:container-demuxer-ogg: 62fdf1f143b41e24485cea50d1cbac27 -> 
  custom:video-decoder-webm-vp8: 9c59270c3fd7afecdb556c50c9e8de78 -> 
  custom:audio-decoder-ogg-vorbis: bf7c407c2cedff20999df2af8eb42d56 -> 
========================================================================
Received Prepare
Registering precompiled user dll's ...
Registered in 0.009529 seconds.
Begin MonoManager ReloadAssembly
Symbol file LoadedFromMemory doesn't match image D:\VStudio 2k22\UNIHACK31\Library\PackageCache\com.unity.visualscripting@1.7.8\Editor\VisualScripting.Core\Dependencies\YamlDotNet\Unity.VisualScripting.YamlDotNet.dll
Symbol file LoadedFromMemory doesn't match image D:\VStudio 2k22\UNIHACK31\Library\PackageCache\com.unity.visualscripting@1.7.8\Editor\VisualScripting.Core\Dependencies\DotNetZip\Unity.VisualScripting.IonicZip.dll
Native extension for WindowsStandalone target not found
Native extension for Android target not found
Refreshing native plugins compatible for Editor in 2.43 ms, found 3 plugins.
Preloading 0 native plugins for Editor in 0.00 ms.
Mono: successfully reloaded assembly
- Completed reload, in 34.783 seconds
Domain Reload Profiling:
	ReloadAssembly (34789ms)
		BeginReloadAssembly (6472ms)
			ExecutionOrderSort (0ms)
			DisableScriptedObjects (355ms)
			BackupInstance (0ms)
			ReleaseScriptingObjects (0ms)
			CreateAndSetChildDomain (3084ms)
		EndReloadAssembly (24986ms)
			LoadAssemblies (2758ms)
			RebuildTransferFunctionScriptingTraits (0ms)
			SetupTypeCache (5537ms)
			ReleaseScriptCaches (36ms)
			RebuildScriptCaches (557ms)
			SetupLoadedEditorAssemblies (17075ms)
				LogAssemblyErrors (0ms)
				InitializePlatformSupportModulesInManaged (299ms)
				SetLoadedEditorAssemblies (19ms)
				RefreshPlugins (3ms)
				BeforeProcessingInitializeOnLoad (1096ms)
				ProcessInitializeOnLoadAttributes (15239ms)
				ProcessInitializeOnLoadMethodAttributes (361ms)
				AfterProcessingInitializeOnLoad (54ms)
				EditorAssembliesLoaded (4ms)
			ExecutionOrderSort2 (0ms)
			AwakeInstancesAfterBackupRestoration (108ms)
Platform modules already initialized, skipping
Refreshing native plugins compatible for Editor in 50.26 ms, found 3 plugins.
Preloading 0 native plugins for Editor in 0.00 ms.
Unloading 3478 Unused Serialized files (Serialized files now loaded: 0)
Unloading 33 unused Assets / (55.3 KB). Loaded Objects now: 3969.
Memory consumption went from 123.7 MB to 123.6 MB.
Total: 49.064600 ms (FindLiveObjects: 1.080700 ms CreateObjectMapping: 0.416200 ms MarkObjects: 46.646700 ms  DeleteObjects: 0.912800 ms)

AssetImportParameters requested are different than current active one (requested -> active):
  custom:video-decoder-ogg-theora: a1e56fd34408186e4bbccfd4996cb3dc -> 
  custom:container-muxer-webm: aa71ff27fc2769a1b78a27578f13a17b -> 
  custom:container-demuxer-webm: 4f35f7cbe854078d1ac9338744f61a02 -> 
  custom:video-encoder-webm-vp8: eb34c28f22e8b96e1ab97ce403110664 -> 
  custom:audio-encoder-webm-vorbis: bf7c407c2cedff20999df2af8eb42d56 -> 
  custom:framework-win-MediaFoundation: 216162199b28c13a410421893ffa2e32 -> 
  custom:container-demuxer-ogg: 62fdf1f143b41e24485cea50d1cbac27 -> 
  custom:video-decoder-webm-vp8: 9c59270c3fd7afecdb556c50c9e8de78 -> 
  custom:audio-decoder-ogg-vorbis: bf7c407c2cedff20999df2af8eb42d56 -> 
